Performing C SOURCE FILE Test CMAKE_HAVE_LIBC_PTHREAD failed with the following output:
Change Dir: /home/elifycel/aeskrepo/aeskrepo_ws/build/catkin_tools_prebuild/CMakeFiles/CMakeTmp

Run Build Command(s):/usr/bin/make cmTC_01395/fast && /usr/bin/make -f CMakeFiles/cmTC_01395.dir/build.make CMakeFiles/cmTC_01395.dir/build
make[1]: Entering directory '/home/elifycel/aeskrepo/aeskrepo_ws/build/catkin_tools_prebuild/CMakeFiles/CMakeTmp'
Building C object CMakeFiles/cmTC_01395.dir/src.c.o
/usr/bin/cc   -DCMAKE_HAVE_LIBC_PTHREAD   -o CMakeFiles/cmTC_01395.dir/src.c.o   -c /home/elifycel/aeskrepo/aeskrepo_ws/build/catkin_tools_prebuild/CMakeFiles/CMakeTmp/src.c
Linking C executable cmTC_01395
/usr/bin/cmake -E cmake_link_script CMakeFiles/cmTC_01395.dir/link.txt --verbose=1
/usr/bin/cc  -DCMAKE_HAVE_LIBC_PTHREAD    -rdynamic CMakeFiles/cmTC_01395.dir/src.c.o  -o cmTC_01395 
/usr/bin/ld: CMakeFiles/cmTC_01395.dir/src.c.o: in function `main':
src.c:(.text+0x46): undefined reference to `pthread_create'
/usr/bin/ld: src.c:(.text+0x52): undefined reference to `pthread_detach'
/usr/bin/ld: src.c:(.text+0x63): undefined reference to `pthread_join'
collect2: error: ld returned 1 exit status
make[1]: *** [CMakeFiles/cmTC_01395.dir/build.make:87: cmTC_01395] Error 1
make[1]: Leaving directory '/home/elifycel/aeskrepo/aeskrepo_ws/build/catkin_tools_prebuild/CMakeFiles/CMakeTmp'
make: *** [Makefile:121: cmTC_01395/fast] Error 2


Source file was:
#include <pthread.h>

void* test_func(void* data)
{
  return data;
}

int main(void)
{
  pthread_t thread;
  pthread_create(&thread, NULL, test_func, NULL);
  pthread_detach(thread);
  pthread_join(thread, NULL);
  pthread_atfork(NULL, NULL, NULL);
  pthread_exit(NULL);

  return 0;
}

Determining if the function pthread_create exists in the pthreads failed with the following output:
Change Dir: /home/elifycel/aeskrepo/aeskrepo_ws/build/catkin_tools_prebuild/CMakeFiles/CMakeTmp

Run Build Command(s):/usr/bin/make cmTC_76522/fast && /usr/bin/make -f CMakeFiles/cmTC_76522.dir/build.make CMakeFiles/cmTC_76522.dir/build
make[1]: Entering directory '/home/elifycel/aeskrepo/aeskrepo_ws/build/catkin_tools_prebuild/CMakeFiles/CMakeTmp'
Building C object CMakeFiles/cmTC_76522.dir/CheckFunctionExists.c.o
/usr/bin/cc   -DCHECK_FUNCTION_EXISTS=pthread_create   -o CMakeFiles/cmTC_76522.dir/CheckFunctionExists.c.o   -c /usr/share/cmake-3.16/Modules/CheckFunctionExists.c
Linking C executable cmTC_76522
/usr/bin/cmake -E cmake_link_script CMakeFiles/cmTC_76522.dir/link.txt --verbose=1
/usr/bin/cc  -DCHECK_FUNCTION_EXISTS=pthread_create    -rdynamic CMakeFiles/cmTC_76522.dir/CheckFunctionExists.c.o  -o cmTC_76522  -lpthreads 
/usr/bin/ld: cannot find -lpthreads
collect2: error: ld returned 1 exit status
make[1]: *** [CMakeFiles/cmTC_76522.dir/build.make:87: cmTC_76522] Error 1
make[1]: Leaving directory '/home/elifycel/aeskrepo/aeskrepo_ws/build/catkin_tools_prebuild/CMakeFiles/CMakeTmp'
make: *** [Makefile:121: cmTC_76522/fast] Error 2



